#
# A fatal error has been detected by the Java Runtime Environment:
#
#  SIGSEGV (0xb) at pc=0x000000010b44c594, pid=21105, tid=0x0000000000004103
#
# JRE version: Java(TM) SE Runtime Environment (8.0_101-b13) (build 1.8.0_101-b13)
# Java VM: Java HotSpot(TM) 64-Bit Server VM (25.101-b13 mixed mode bsd-amd64 compressed oops)
# Problematic frame:
# V  [libjvm.dylib+0x44c594]  Method::checked_resolve_jmethod_id(_jmethodID*)+0xe
#
# Failed to write core dump. Core dumps have been disabled. To enable core dumping, try "ulimit -c unlimited" before starting Java again
#
# If you would like to submit a bug report, please visit:
#   http://bugreport.java.com/bugreport/crash.jsp
#

---------------  T H R E A D  ---------------

Current thread (0x00007fbc8c800800):  JavaThread "JDWP Transport Listener: dt_socket" daemon [_thread_in_vm, id=16643, stack(0x000000012165d000,0x000000012175d000)]

siginfo: si_signo: 11 (SIGSEGV), si_code: 0 (unknown), si_addr: 0x0000000000000000

Registers:
RAX=0x0000000000000001, RBX=0x000000012175ca8b, RCX=0x000000010b81f360, RDX=0x000000012175ca8b
RSP=0x000000012175c9d0, RBP=0x000000012175c9e0, RSI=0x00007fbc8c800800, RDI=0x642f6569766f6d2f
R8 =0x0000000000000000, R9 =0x00007fbc8df00000, R10=0x0000000000000010, R11=0x00007fbc8df00000
R12=0x00007fbc8c800800, R13=0x642f6569766f6d2f, R14=0x642f6569766f6d2f, R15=0x00007fbc8b41e060
RIP=0x000000010b44c594, EFLAGS=0x0000000000010202, ERR=0x0000000000000000
  TRAPNO=0x000000000000000d

Top of Stack: (sp=0x000000012175c9d0)
0x000000012175c9d0:   000000012175ca8b 000000012175ca8b
0x000000012175c9e0:   000000012175ca40 000000010b3580d2
0x000000012175c9f0:   00007fbc8c800800 0000000000000000
0x000000012175ca00:   0000000000000000 0000000000000000
0x000000012175ca10:   00007fbc8c800800 00007fbc8c800800
0x000000012175ca20:   000000012175ca8b 000000012175ca90
0x000000012175ca30:   642f6569766f6d2f 0000000000000004
0x000000012175ca40:   000000012175ca60 000000010c0f5780
0x000000012175ca50:   0000000000000001 000000012175cb08
0x000000012175ca60:   000000012175cad0 000000010c0da1f3
0x000000012175ca70:   000000012175caa0 00007fbc8b61a470
0x000000012175ca80:   0000000800000032 000000010075cb08
0x000000012175ca90:   0000000000000000 0000000000000000
0x000000012175caa0:   0000000000000000 000000012175cc90
0x000000012175cab0:   000000010c0fce7a 00007fbc8dadaa90
0x000000012175cac0:   000000012175cb08 000000010c108598
0x000000012175cad0:   000000012175cae0 000000010c0da2ec
0x000000012175cae0:   000000012175cd00 000000010c0e3898
0x000000012175caf0:   00003f8d00000013 00000000000f0200
0x000000012175cb00:   00007fbc8b5358f0 00007fbc8df7654d
0x000000012175cb10:   00007fbc000001eb 00007fbc8df6f300
0x000000012175cb20:   00007fbc0000012c 000000012175cb58
0x000000012175cb30:   00007fbc8df6f300 00007f0000000000
0x000000012175cb40:   00003f8d0000001c 00007fff00009780
0x000000012175cb50:   000000012175cb58 bc7f000008000000
0x000000012175cb60:   06000000e88be38d 00003e74696e693c
0x000000012175cb70:   2f67726f4c282100 74616e7265626968
0x000000012175cb80:   6f69737365532f65 79726f746361466e
0x000000012175cb90:   000000000056293b 8dbc7f0000010000
0x000000012175cba0:   6306000000088ce3 0000006574616572
0x000000012175cbb0:   632f6d6f634c285e 6c652f6f6d757361
0x000000012175cbc0:   61632f6f7a7a6f6d 747375626f6d7573 

Instructions: (pc=0x000000010b44c594)
0x000000010b44c574:   40 48 48 85 c0 75 e0 30 c0 0f b6 c0 5d c3 31 c0
0x000000010b44c584:   5d c3 55 48 89 e5 53 48 83 ec 08 48 85 ff 74 24
0x000000010b44c594:   48 8b 1f 48 85 db 74 1c 48 83 fb 37 74 16 48 8b
0x000000010b44c5a4:   03 48 89 df ff 50 10 84 c0 b8 00 00 00 00 48 0f 

Register to memory mapping:

RAX=0x0000000000000001 is an unknown value
RBX=0x000000012175ca8b is pointing into the stack for thread: 0x00007fbc8c800800
RCX=0x000000010b81f360: UseMembar+0 in /Library/Java/JavaVirtualMachines/jdk1.8.0_101.jdk/Contents/Home/jre/lib/server/libjvm.dylib at 0x000000010b000000
RDX=0x000000012175ca8b is pointing into the stack for thread: 0x00007fbc8c800800
RSP=0x000000012175c9d0 is pointing into the stack for thread: 0x00007fbc8c800800
RBP=0x000000012175c9e0 is pointing into the stack for thread: 0x00007fbc8c800800
RSI=0x00007fbc8c800800 is a thread
RDI=0x642f6569766f6d2f is an unknown value
R8 =0x0000000000000000 is an unknown value
R9 =0x00007fbc8df00000 is an unknown value
R10=0x0000000000000010 is an unknown value
R11=0x00007fbc8df00000 is an unknown value
R12=0x00007fbc8c800800 is a thread
R13=0x642f6569766f6d2f is an unknown value
R14=0x642f6569766f6d2f is an unknown value
R15=0x00007fbc8b41e060 is an unknown value


Stack: [0x000000012165d000,0x000000012175d000],  sp=0x000000012175c9d0,  free space=1022k
Native frames: (J=compiled Java code, j=interpreted, Vv=VM code, C=native code)
V  [libjvm.dylib+0x44c594]  Method::checked_resolve_jmethod_id(_jmethodID*)+0xe
V  [libjvm.dylib+0x3580d2]  jvmti_IsMethodSynthetic+0xb2
C  [libjdwp.dylib+0x20780]  isMethodSynthetic+0x63
C  [libjdwp.dylib+0x51f3]  methods1+0x10b
C  [libjdwp.dylib+0x52ec]  methodsWithGeneric+0xe
C  [libjdwp.dylib+0xe898]  debugLoop_run+0x1ce
C  [libjdwp.dylib+0x1f6ba]  attachThread+0x4d
V  [libjvm.dylib+0x399438]  JvmtiAgentThread::call_start_function()+0x38
V  [libjvm.dylib+0x5695ab]  JavaThread::thread_main_inner()+0x9b
V  [libjvm.dylib+0x56ac98]  JavaThread::run()+0x1c2
V  [libjvm.dylib+0x48933a]  java_start(Thread*)+0xf6
C  [libsystem_pthread.dylib+0x405a]  _pthread_body+0x83
C  [libsystem_pthread.dylib+0x3fd7]  _pthread_body+0x0
C  [libsystem_pthread.dylib+0x13ed]  thread_start+0xd
C  0x0000000000000000


---------------  P R O C E S S  ---------------

Java Threads: ( => current thread )
  0x00007fbc9117f000 JavaThread "dw-admin-45" [_thread_blocked, id=33039, stack(0x00000001255c8000,0x00000001256c8000)]
  0x00007fbc92b35800 JavaThread "movie" [_thread_blocked, id=24847, stack(0x00000001235d8000,0x00000001236d8000)]
  0x00007fbc8fa0a000 JavaThread "dw-admin-36-acceptor-1@126a5095-admin@76f264c7{HTTP/1.1,[http/1.1]}{0.0.0.0:8089}" [_thread_blocked, id=12303, stack(0x0000000122b55000,0x0000000122c55000)]
  0x00007fbc8f7f7800 JavaThread "dw-admin-35-acceptor-0@22ec9f94-admin@76f264c7{HTTP/1.1,[http/1.1]}{0.0.0.0:8089}" [_thread_in_native, id=32003, stack(0x00000001268ef000,0x00000001269ef000)]
  0x00007fbc8f7f6800 JavaThread "dw-admin-34" [_thread_in_native, id=31491, stack(0x00000001267ec000,0x00000001268ec000)]
  0x00007fbc9017a800 JavaThread "dw-admin-33" [_thread_in_native, id=30979, stack(0x00000001266e9000,0x00000001267e9000)]
  0x00007fbc930f7000 JavaThread "dw-admin-32" [_thread_in_native, id=30467, stack(0x000000012526c000,0x000000012536c000)]
  0x00007fbc931d4000 JavaThread "dw-admin-31" [_thread_in_native, id=29955, stack(0x00000001261e6000,0x00000001262e6000)]
  0x00007fbc8cfb2800 JavaThread "dw-29" [_thread_blocked, id=29443, stack(0x00000001260e3000,0x00000001261e3000)]
  0x00007fbc911c2000 JavaThread "dw-28" [_thread_blocked, id=28931, stack(0x0000000125fe0000,0x00000001260e0000)]
  0x00007fbc91179000 JavaThread "dw-27-acceptor-1@7e7973a0-application@48b3ebe4{HTTP/1.1,[http/1.1]}{0.0.0.0:8087}" [_thread_in_native, id=28419, stack(0x0000000125edd000,0x0000000125fdd000)]
  0x00007fbc92afb000 JavaThread "dw-26-acceptor-0@701ab403-application@48b3ebe4{HTTP/1.1,[http/1.1]}{0.0.0.0:8087}" [_thread_blocked, id=27907, stack(0x0000000125dda000,0x0000000125eda000)]
  0x00007fbc91178000 JavaThread "dw-25" [_thread_in_native, id=27395, stack(0x0000000125cd7000,0x0000000125dd7000)]
  0x00007fbc907ec000 JavaThread "dw-24" [_thread_in_native, id=26883, stack(0x0000000125bd4000,0x0000000125cd4000)]
  0x00007fbc92afa000 JavaThread "dw-23" [_thread_in_native, id=26371, stack(0x0000000125ad1000,0x0000000125bd1000)]
  0x00007fbc92a52000 JavaThread "dw-22" [_thread_in_native, id=25859, stack(0x00000001259ce000,0x0000000125ace000)]
  0x00007fbc92a3d000 JavaThread "AsyncAppender-Worker-async-console-appender" daemon [_thread_blocked, id=25347, stack(0x00000001258cb000,0x00000001259cb000)]
  0x00007fbc92a96800 JavaThread "pool-5-thread-2" [_thread_blocked, id=24323, stack(0x00000001254c5000,0x00000001255c5000)]
  0x00007fbc92a8f800 JavaThread "AMQP Connection 127.0.0.1:5672" [_thread_in_native, id=24071, stack(0x0000000124eb4000,0x0000000124fb4000)]
  0x00007fbc8f56d800 JavaThread "Abandoned connection cleanup thread" daemon [_thread_blocked, id=21507, stack(0x00000001234d5000,0x00000001235d5000)]
  0x00007fbc9020a800 JavaThread "Tomcat JDBC Pool Cleaner[1572021972:1472645637987]" daemon [_thread_blocked, id=20995, stack(0x0000000123dfb000,0x0000000123efb000)]
  0x00007fbc8f6a1000 JavaThread "AsyncAppender-Worker-async-file-appender" daemon [_thread_blocked, id=12807, stack(0x000000012324f000,0x000000012334f000)]
  0x00007fbc8d462800 JavaThread "AsyncAppender-Worker-async-console-appender" daemon [_thread_blocked, id=14087, stack(0x00000001229e8000,0x0000000122ae8000)]
  0x00007fbc8c03f800 JavaThread "Service Thread" daemon [_thread_blocked, id=19715, stack(0x0000000121c6f000,0x0000000121d6f000)]
  0x00007fbc8c803000 JavaThread "C1 CompilerThread2" daemon [_thread_blocked, id=19203, stack(0x0000000121b6c000,0x0000000121c6c000)]
  0x00007fbc8d05b000 JavaThread "C2 CompilerThread1" daemon [_thread_blocked, id=18691, stack(0x0000000121a69000,0x0000000121b69000)]
  0x00007fbc8b81e000 JavaThread "C2 CompilerThread0" daemon [_thread_blocked, id=18179, stack(0x0000000121966000,0x0000000121a66000)]
  0x00007fbc8b81d800 JavaThread "JDWP Command Reader" daemon [_thread_in_native, id=17667, stack(0x0000000121863000,0x0000000121963000)]
  0x00007fbc8c007800 JavaThread "JDWP Event Helper Thread" daemon [_thread_blocked, id=17155, stack(0x0000000121760000,0x0000000121860000)]
=>0x00007fbc8c800800 JavaThread "JDWP Transport Listener: dt_socket" daemon [_thread_in_vm, id=16643, stack(0x000000012165d000,0x000000012175d000)]
  0x00007fbc8d059000 JavaThread "Signal Dispatcher" daemon [_thread_blocked, id=13335, stack(0x0000000121553000,0x0000000121653000)]
  0x00007fbc8d058800 JavaThread "Finalizer" daemon [_thread_blocked, id=11523, stack(0x000000011fb2d000,0x000000011fc2d000)]
  0x00007fbc8c01b800 JavaThread "Reference Handler" daemon [_thread_blocked, id=11011, stack(0x000000011fa2a000,0x000000011fb2a000)]
  0x00007fbc8c008800 JavaThread "main" [_thread_blocked, id=4867, stack(0x000000010bf9e000,0x000000010c09e000)]

Other Threads:
  0x00007fbc8d055800 VMThread [stack: 0x000000011f927000,0x000000011fa27000] [id=10499]
  0x00007fbc8c052800 WatcherThread [stack: 0x0000000121d72000,0x0000000121e72000] [id=20227]

VM state:not at safepoint (normal execution)

VM Mutex/Monitor currently owned by a thread: None

Heap:
 PSYoungGen      total 280064K, used 58661K [0x00000007aab00000, 0x00000007bd380000, 0x00000007c0000000)
  eden space 265216K, 16% used [0x00000007aab00000,0x00000007ad5cd188,0x00000007bae00000)
  from space 14848K, 99% used [0x00000007bc000000,0x00000007bce7c4c0,0x00000007bce80000)
  to   space 18432K, 0% used [0x00000007bae00000,0x00000007bae00000,0x00000007bc000000)
 ParOldGen       total 54784K, used 23266K [0x0000000780000000, 0x0000000783580000, 0x00000007aab00000)
  object space 54784K, 42% used [0x0000000780000000,0x00000007816b89a8,0x0000000783580000)
 Metaspace       used 49956K, capacity 50732K, committed 50944K, reserved 1093632K
  class space    used 6436K, capacity 6655K, committed 6656K, reserved 1048576K

Card table byte_map: [0x000000011b4e0000,0x000000011b6e1000] byte_map_base: 0x00000001178e0000

Marking Bits: (ParMarkBitMap*) 0x000000010b8edd20
 Begin Bits: [0x000000011bc43000, 0x000000011cc43000)
 End Bits:   [0x000000011cc43000, 0x000000011dc43000)

Polling page: 0x000000010a7e6000

CodeCache: size=245760Kb used=14422Kb max_used=15533Kb free=231337Kb
 bounds [0x000000010c120000, 0x000000010d060000, 0x000000011b120000]
 total_blobs=4923 nmethods=4383 adapters=461
 compilation: enabled

Compilation events (10 events):
Event: 335.969 Thread 0x00007fbc8c803000 5149       3       java.util.TaskQueue::isEmpty (13 bytes)
Event: 335.969 Thread 0x00007fbc8c803000 nmethod 5149 0x000000010c404c90 code [0x000000010c404e00, 0x000000010c404fb0]
Event: 350.969 Thread 0x00007fbc8c803000 5150       3       com.mysql.jdbc.ConnectionImpl::getId (5 bytes)
Event: 350.969 Thread 0x00007fbc8c803000 nmethod 5150 0x000000010c856810 code [0x000000010c856960, 0x000000010c856ab0]
Event: 350.982 Thread 0x00007fbc8c803000 5151  s    3       java.io.BufferedOutputStream::write (67 bytes)
Event: 350.983 Thread 0x00007fbc8c803000 nmethod 5151 0x000000010c80a790 code [0x000000010c80a960, 0x000000010c80b1b8]
Event: 370.964 Thread 0x00007fbc8c803000 5152       3       com.mysql.jdbc.ConnectionPropertiesImpl::getUseCursorFetch (8 bytes)
Event: 370.965 Thread 0x00007fbc8c803000 nmethod 5152 0x000000010c3b3e10 code [0x000000010c3b3f80, 0x000000010c3b42f0]
Event: 380.024 Thread 0x00007fbc8c803000 5153       3       java.util.concurrent.locks.ReentrantLock$NonfairSync::tryAcquire (6 bytes)
Event: 380.026 Thread 0x00007fbc8c803000 nmethod 5153 0x000000010c24b910 code [0x000000010c24ba80, 0x000000010c24bca8]

GC Heap History (10 events):
Event: 12.745 GC heap before
{Heap before GC invocations=10 (full 1):
 PSYoungGen      total 139264K, used 8030K [0x00000007aab00000, 0x00000007b8a80000, 0x00000007c0000000)
  eden space 127488K, 0% used [0x00000007aab00000,0x00000007aab00000,0x00000007b2780000)
  from space 11776K, 68% used [0x00000007b2780000,0x00000007b2f57b40,0x00000007b3300000)
  to   space 12288K, 0% used [0x00000007b7e80000,0x00000007b7e80000,0x00000007b8a80000)
 ParOldGen       total 44032K, used 15512K [0x0000000780000000, 0x0000000782b00000, 0x00000007aab00000)
  object space 44032K, 35% used [0x0000000780000000,0x0000000780f26280,0x0000000782b00000)
 Metaspace       used 20681K, capacity 21134K, committed 21296K, reserved 1069056K
  class space    used 2462K, capacity 2609K, committed 2688K, reserved 1048576K
Event: 12.889 GC heap after
Heap after GC invocations=10 (full 1):
 PSYoungGen      total 139264K, used 0K [0x00000007aab00000, 0x00000007b8a80000, 0x00000007c0000000)
  eden space 127488K, 0% used [0x00000007aab00000,0x00000007aab00000,0x00000007b2780000)
  from space 11776K, 0% used [0x00000007b2780000,0x00000007b2780000,0x00000007b3300000)
  to   space 12288K, 0% used [0x00000007b7e80000,0x00000007b7e80000,0x00000007b8a80000)
 ParOldGen       total 42496K, used 17057K [0x0000000780000000, 0x0000000782980000, 0x00000007aab00000)
  object space 42496K, 40% used [0x0000000780000000,0x00000007810a8500,0x0000000782980000)
 Metaspace       used 20681K, capacity 21134K, committed 21296K, reserved 1069056K
  class space    used 2462K, capacity 2609K, committed 2688K, reserved 1048576K
}
Event: 15.720 GC heap before
{Heap before GC invocations=11 (full 1):
 PSYoungGen      total 139264K, used 127488K [0x00000007aab00000, 0x00000007b8a80000, 0x00000007c0000000)
  eden space 127488K, 100% used [0x00000007aab00000,0x00000007b2780000,0x00000007b2780000)
  from space 11776K, 0% used [0x00000007b2780000,0x00000007b2780000,0x00000007b3300000)
  to   space 12288K, 0% used [0x00000007b7e80000,0x00000007b7e80000,0x00000007b8a80000)
 ParOldGen       total 42496K, used 17057K [0x0000000780000000, 0x0000000782980000, 0x00000007aab00000)
  object space 42496K, 40% used [0x0000000780000000,0x00000007810a8500,0x0000000782980000)
 Metaspace       used 33219K, capacity 33950K, committed 34176K, reserved 1079296K
  class space    used 4166K, capacity 4386K, committed 4480K, reserved 1048576K
Event: 15.765 GC heap after
Heap after GC invocations=11 (full 1):
 PSYoungGen      total 197120K, used 12282K [0x00000007aab00000, 0x00000007b8a80000, 0x00000007c0000000)
  eden space 184832K, 0% used [0x00000007aab00000,0x00000007aab00000,0x00000007b5f80000)
  from space 12288K, 99% used [0x00000007b7e80000,0x00000007b8a7ebd8,0x00000007b8a80000)
  to   space 14848K, 0% used [0x00000007b6d80000,0x00000007b6d80000,0x00000007b7c00000)
 ParOldGen       total 42496K, used 19300K [0x0000000780000000, 0x0000000782980000, 0x00000007aab00000)
  object space 42496K, 45% used [0x0000000780000000,0x00000007812d90b8,0x0000000782980000)
 Metaspace       used 33219K, capacity 33950K, committed 34176K, reserved 1079296K
  class space    used 4166K, capacity 4386K, committed 4480K, reserved 1048576K
}
Event: 16.023 GC heap before
{Heap before GC invocations=12 (full 1):
 PSYoungGen      total 197120K, used 30066K [0x00000007aab00000, 0x00000007b8a80000, 0x00000007c0000000)
  eden space 184832K, 9% used [0x00000007aab00000,0x00000007abc5dfc0,0x00000007b5f80000)
  from space 12288K, 99% used [0x00000007b7e80000,0x00000007b8a7ebd8,0x00000007b8a80000)
  to   space 14848K, 0% used [0x00000007b6d80000,0x00000007b6d80000,0x00000007b7c00000)
 ParOldGen       total 42496K, used 19300K [0x0000000780000000, 0x0000000782980000, 0x00000007aab00000)
  object space 42496K, 45% used [0x0000000780000000,0x00000007812d90b8,0x0000000782980000)
 Metaspace       used 34657K, capacity 35300K, committed 35496K, reserved 1081344K
  class space    used 4370K, capacity 4579K, committed 4608K, reserved 1048576K
Event: 16.035 GC heap after
Heap after GC invocations=12 (full 1):
 PSYoungGen      total 214016K, used 1714K [0x00000007aab00000, 0x00000007bce80000, 0x00000007c0000000)
  eden space 199168K, 0% used [0x00000007aab00000,0x00000007aab00000,0x00000007b6d80000)
  from space 14848K, 11% used [0x00000007b6d80000,0x00000007b6f2c968,0x00000007b7c00000)
  to   space 14848K, 0% used [0x00000007bc000000,0x00000007bc000000,0x00000007bce80000)
 ParOldGen       total 42496K, used 25472K [0x0000000780000000, 0x0000000782980000, 0x00000007aab00000)
  object space 42496K, 59% used [0x0000000780000000,0x00000007818e0140,0x0000000782980000)
 Metaspace       used 34657K, capacity 35300K, committed 35496K, reserved 1081344K
  class space    used 4370K, capacity 4579K, committed 4608K, reserved 1048576K
}
Event: 16.035 GC heap before
{Heap before GC invocations=13 (full 2):
 PSYoungGen      total 214016K, used 1714K [0x00000007aab00000, 0x00000007bce80000, 0x00000007c0000000)
  eden space 199168K, 0% used [0x00000007aab00000,0x00000007aab00000,0x00000007b6d80000)
  from space 14848K, 11% used [0x00000007b6d80000,0x00000007b6f2c968,0x00000007b7c00000)
  to   space 14848K, 0% used [0x00000007bc000000,0x00000007bc000000,0x00000007bce80000)
 ParOldGen       total 42496K, used 25472K [0x0000000780000000, 0x0000000782980000, 0x00000007aab00000)
  object space 42496K, 59% used [0x0000000780000000,0x00000007818e0140,0x0000000782980000)
 Metaspace       used 34657K, capacity 35300K, committed 35496K, reserved 1081344K
  class space    used 4370K, capacity 4579K, committed 4608K, reserved 1048576K
Event: 16.146 GC heap after
Heap after GC invocations=13 (full 2):
 PSYoungGen      total 214016K, used 0K [0x00000007aab00000, 0x00000007bce80000, 0x00000007c0000000)
  eden space 199168K, 0% used [0x00000007aab00000,0x00000007aab00000,0x00000007b6d80000)
  from space 14848K, 0% used [0x00000007b6d80000,0x00000007b6d80000,0x00000007b7c00000)
  to   space 14848K, 0% used [0x00000007bc000000,0x00000007bc000000,0x00000007bce80000)
 ParOldGen       total 54784K, used 19963K [0x0000000780000000, 0x0000000783580000, 0x00000007aab00000)
  object space 54784K, 36% used [0x0000000780000000,0x000000078137efd8,0x0000000783580000)
 Metaspace       used 34657K, capacity 35300K, committed 35496K, reserved 1081344K
  class space    used 4370K, capacity 4579K, committed 4608K, reserved 1048576K
}
Event: 19.914 GC heap before
{Heap before GC invocations=14 (full 2):
 PSYoungGen      total 214016K, used 199168K [0x00000007aab00000, 0x00000007bce80000, 0x00000007c0000000)
  eden space 199168K, 100% used [0x00000007aab00000,0x00000007b6d80000,0x00000007b6d80000)
  from space 14848K, 0% used [0x00000007b6d80000,0x00000007b6d80000,0x00000007b7c00000)
  to   space 14848K, 0% used [0x00000007bc000000,0x00000007bc000000,0x00000007bce80000)
 ParOldGen       total 54784K, used 19963K [0x0000000780000000, 0x0000000783580000, 0x00000007aab00000)
  object space 54784K, 36% used [0x0000000780000000,0x000000078137efd8,0x0000000783580000)
 Metaspace       used 48959K, capacity 49732K, committed 50176K, reserved 1093632K
  class space    used 6327K, capacity 6557K, committed 6656K, reserved 1048576K
Event: 19.959 GC heap after
Heap after GC invocations=14 (full 2):
 PSYoungGen      total 280064K, used 14833K [0x00000007aab00000, 0x00000007bd380000, 0x00000007c0000000)
  eden space 265216K, 0% used [0x00000007aab00000,0x00000007aab00000,0x00000007bae00000)
  from space 14848K, 99% used [0x00000007bc000000,0x00000007bce7c4c0,0x00000007bce80000)
  to   space 18432K, 0% used [0x00000007bae00000,0x00000007bae00000,0x00000007bc000000)
 ParOldGen       total 54784K, used 23266K [0x0000000780000000, 0x0000000783580000, 0x00000007aab00000)
  object space 54784K, 42% used [0x0000000780000000,0x00000007816b89a8,0x0000000783580000)
 Metaspace       used 48959K, capacity 49732K, committed 50176K, reserved 1093632K
  class space    used 6327K, capacity 6557K, committed 6656K, reserved 1048576K
}

Deoptimization events (10 events):
Event: 293.944 Thread 0x00007fbc92b35800 Uncommon trap: reason=unhandled action=none pc=0x000000010cc6b85c method=java.net.URLClassLoader.findClass(Ljava/lang/String;)Ljava/lang/Class; @ 44
Event: 293.944 Thread 0x00007fbc92b35800 Uncommon trap: reason=unhandled action=none pc=0x000000010cc6b85c method=java.net.URLClassLoader.findClass(Ljava/lang/String;)Ljava/lang/Class; @ 44
Event: 293.944 Thread 0x00007fbc92b35800 Uncommon trap: reason=unhandled action=none pc=0x000000010cc6b85c method=java.net.URLClassLoader.findClass(Ljava/lang/String;)Ljava/lang/Class; @ 44
Event: 293.944 Thread 0x00007fbc92b35800 Uncommon trap: reason=unhandled action=none pc=0x000000010cc6b85c method=java.net.URLClassLoader.findClass(Ljava/lang/String;)Ljava/lang/Class; @ 44
Event: 293.945 Thread 0x00007fbc92b35800 Uncommon trap: reason=unhandled action=none pc=0x000000010cc6b85c method=java.net.URLClassLoader.findClass(Ljava/lang/String;)Ljava/lang/Class; @ 44
Event: 293.945 Thread 0x00007fbc92b35800 Uncommon trap: reason=unhandled action=none pc=0x000000010cc6b85c method=java.net.URLClassLoader.findClass(Ljava/lang/String;)Ljava/lang/Class; @ 44
Event: 293.950 Thread 0x00007fbc92b35800 Uncommon trap: reason=unhandled action=none pc=0x000000010cc6b85c method=java.net.URLClassLoader.findClass(Ljava/lang/String;)Ljava/lang/Class; @ 44
Event: 293.950 Thread 0x00007fbc92b35800 Uncommon trap: reason=unhandled action=none pc=0x000000010cc6b85c method=java.net.URLClassLoader.findClass(Ljava/lang/String;)Ljava/lang/Class; @ 44
Event: 293.952 Thread 0x00007fbc92b35800 Uncommon trap: reason=unhandled action=none pc=0x000000010cc6b85c method=java.net.URLClassLoader.findClass(Ljava/lang/String;)Ljava/lang/Class; @ 44
Event: 293.952 Thread 0x00007fbc92b35800 Uncommon trap: reason=unhandled action=none pc=0x000000010cc6b85c method=java.net.URLClassLoader.findClass(Ljava/lang/String;)Ljava/lang/Class; @ 44

Internal exceptions (10 events):
Event: 303.348 Thread 0x00007fbc92b35800 Exception <a 'java/lang/ArrayIndexOutOfBoundsException': 74> (0x00000007ace03518) thrown at [/HUDSON3/workspace/8-2-build-macosx-x86_64/jdk8u101/7261/hotspot/src/share/vm/interpreter/interpreterRuntime.cpp, line 366]
Event: 303.349 Thread 0x00007fbc92b35800 Exception <a 'java/lang/ArrayIndexOutOfBoundsException': 92> (0x00000007ace04e30) thrown at [/HUDSON3/workspace/8-2-build-macosx-x86_64/jdk8u101/7261/hotspot/src/share/vm/interpreter/interpreterRuntime.cpp, line 366]
Event: 303.366 Thread 0x00007fbc92b35800 Exception <a 'java/lang/ArrayIndexOutOfBoundsException': 23> (0x00000007ace08570) thrown at [/HUDSON3/workspace/8-2-build-macosx-x86_64/jdk8u101/7261/hotspot/src/share/vm/interpreter/interpreterRuntime.cpp, line 366]
Event: 303.367 Thread 0x00007fbc92b35800 Exception <a 'java/lang/ArrayIndexOutOfBoundsException': 56> (0x00000007ace09660) thrown at [/HUDSON3/workspace/8-2-build-macosx-x86_64/jdk8u101/7261/hotspot/src/share/vm/interpreter/interpreterRuntime.cpp, line 366]
Event: 303.383 Thread 0x00007fbc92b35800 Exception <a 'java/lang/ArrayIndexOutOfBoundsException': 28> (0x00000007ace13508) thrown at [/HUDSON3/workspace/8-2-build-macosx-x86_64/jdk8u101/7261/hotspot/src/share/vm/interpreter/interpreterRuntime.cpp, line 366]
Event: 308.705 Thread 0x00007fbc92a8f800 Exception <a 'java/net/SocketTimeoutException': Read timed out> (0x00000007abf5bd30) thrown at [/HUDSON3/workspace/8-2-build-macosx-x86_64/jdk8u101/7261/hotspot/src/share/vm/prims/jni.cpp, line 735]
Event: 323.711 Thread 0x00007fbc92a8f800 Exception <a 'java/net/SocketTimeoutException': Read timed out> (0x00000007abf5bf88) thrown at [/HUDSON3/workspace/8-2-build-macosx-x86_64/jdk8u101/7261/hotspot/src/share/vm/prims/jni.cpp, line 735]
Event: 338.713 Thread 0x00007fbc92a8f800 Exception <a 'java/net/SocketTimeoutException': Read timed out> (0x00000007abf5c1e0) thrown at [/HUDSON3/workspace/8-2-build-macosx-x86_64/jdk8u101/7261/hotspot/src/share/vm/prims/jni.cpp, line 735]
Event: 363.429 Thread 0x00007fbc92a8f800 Exception <a 'java/net/SocketTimeoutException': Read timed out> (0x00000007abf5c468) thrown at [/HUDSON3/workspace/8-2-build-macosx-x86_64/jdk8u101/7261/hotspot/src/share/vm/prims/jni.cpp, line 735]
Event: 378.431 Thread 0x00007fbc92a8f800 Exception <a 'java/net/SocketTimeoutException': Read timed out> (0x00000007abf5c6c0) thrown at [/HUDSON3/workspace/8-2-build-macosx-x86_64/jdk8u101/7261/hotspot/src/share/vm/prims/jni.cpp, line 735]

Events (10 events):
Event: 385.669 Executing VM operation: EnterInterpOnlyMode
Event: 385.669 Executing nested VM operation: Deoptimize
Event: 385.682 Executing nested VM operation: Deoptimize done
Event: 385.682 Executing VM operation: EnterInterpOnlyMode done
Event: 385.682 Executing VM operation: ChangeSingleStep
Event: 385.682 Executing VM operation: ChangeSingleStep done
Event: 385.683 Executing VM operation: ChangeSingleStep
Event: 385.683 Executing VM operation: ChangeSingleStep done
Event: 385.695 Executing VM operation: RedefineClasses
Event: 385.840 Executing VM operation: RedefineClasses done


Dynamic libraries:
0x0000000009f78000 	/System/Library/Frameworks/Cocoa.framework/Versions/A/Cocoa
0x0000000009f78000 	/System/Library/Frameworks/Security.framework/Versions/A/Security
0x0000000009f78000 	/System/Library/Frameworks/ApplicationServices.framework/Versions/A/ApplicationServices
0x0000000009f78000 	/usr/lib/libz.1.dylib
0x0000000009f78000 	/usr/lib/libSystem.B.dylib
0x0000000009f78000 	/usr/lib/libobjc.A.dylib
0x0000000009f78000 	/System/Library/Frameworks/CoreFoundation.framework/Versions/A/CoreFoundation
0x0000000009f78000 	/System/Library/Frameworks/Foundation.framework/Versions/C/Foundation
0x0000000009f78000 	/System/Library/Frameworks/AppKit.framework/Versions/C/AppKit
0x0000000009f78000 	/System/Library/Frameworks/CoreData.framework/Versions/A/CoreData
0x0000000009f78000 	/System/Library/PrivateFrameworks/RemoteViewServices.framework/Versions/A/RemoteViewServices
0x0000000009f78000 	/System/Library/PrivateFrameworks/UIFoundation.framework/Versions/A/UIFoundation
0x0000000009f78000 	/System/Library/Frameworks/IOSurface.framework/Versions/A/IOSurface
0x0000000009f78000 	/System/Library/Frameworks/AudioToolbox.framework/Versions/A/AudioToolbox
0x0000000009f78000 	/System/Library/Frameworks/AudioUnit.framework/Versions/A/AudioUnit
0x0000000009f78000 	/System/Library/PrivateFrameworks/DataDetectorsCore.framework/Versions/A/DataDetectorsCore
0x0000000009f78000 	/System/Library/PrivateFrameworks/DesktopServicesPriv.framework/Versions/A/DesktopServicesPriv
0x0000000009f78000 	/System/Library/Frameworks/Carbon.framework/Versions/A/Frameworks/HIToolbox.framework/Versions/A/HIToolbox
0x0000000009f78000 	/System/Library/Frameworks/QuartzCore.framework/Versions/A/QuartzCore
0x0000000009f78000 	/System/Library/Frameworks/Carbon.framework/Versions/A/Frameworks/SpeechRecognition.framework/Versions/A/SpeechRecognition
0x0000000009f78000 	/usr/lib/libauto.dylib
0x0000000009f78000 	/usr/lib/libicucore.A.dylib
0x0000000009f78000 	/usr/lib/libxml2.2.dylib
0x0000000009f78000 	/System/Library/PrivateFrameworks/CoreUI.framework/Versions/A/CoreUI
0x0000000009f78000 	/System/Library/Frameworks/CoreAudio.framework/Versions/A/CoreAudio
0x0000000009f78000 	/System/Library/Frameworks/DiskArbitration.framework/Versions/A/DiskArbitration
0x0000000009f78000 	/usr/lib/liblangid.dylib
0x0000000009f78000 	/System/Library/PrivateFrameworks/MultitouchSupport.framework/Versions/A/MultitouchSupport
0x0000000009f78000 	/System/Library/Frameworks/IOKit.framework/Versions/A/IOKit
0x0000000009f78000 	/usr/lib/libDiagnosticMessagesClient.dylib
0x0000000009f78000 	/System/Library/Frameworks/CoreServices.framework/Versions/A/CoreServices
0x0000000009f78000 	/System/Library/PrivateFrameworks/PerformanceAnalysis.framework/Versions/A/PerformanceAnalysis
0x0000000009f78000 	/System/Library/PrivateFrameworks/GenerationalStorage.framework/Versions/A/GenerationalStorage
0x0000000009f78000 	/System/Library/Frameworks/OpenGL.framework/Versions/A/OpenGL
0x0000000009f78000 	/System/Library/PrivateFrameworks/Sharing.framework/Versions/A/Sharing
0x0000000009f78000 	/System/Library/Frameworks/CoreGraphics.framework/Versions/A/CoreGraphics
0x0000000009f78000 	/System/Library/Frameworks/CoreText.framework/Versions/A/CoreText
0x0000000009f78000 	/System/Library/Frameworks/ImageIO.framework/Versions/A/ImageIO
0x0000000009f78000 	/usr/lib/libextension.dylib
0x0000000009f78000 	/System/Library/PrivateFrameworks/Backup.framework/Versions/A/Backup
0x0000000009f78000 	/usr/lib/libarchive.2.dylib
0x0000000009f78000 	/System/Library/Frameworks/CFNetwork.framework/Versions/A/CFNetwork
0x0000000009f78000 	/System/Library/Frameworks/SystemConfiguration.framework/Versions/A/SystemConfiguration
0x0000000009f78000 	/usr/lib/libCRFSuite.dylib
0x0000000009f78000 	/usr/lib/libc++.1.dylib
0x0000000009f78000 	/usr/lib/libc++abi.dylib
0x0000000009f78000 	/usr/lib/system/libcache.dylib
0x0000000009f78000 	/usr/lib/system/libcommonCrypto.dylib
0x0000000009f78000 	/usr/lib/system/libcompiler_rt.dylib
0x0000000009f78000 	/usr/lib/system/libcopyfile.dylib
0x0000000009f78000 	/usr/lib/system/libcorecrypto.dylib
0x0000000009f78000 	/usr/lib/system/libdispatch.dylib
0x0000000009f78000 	/usr/lib/system/libdyld.dylib
0x0000000009f78000 	/usr/lib/system/libkeymgr.dylib
0x0000000009f78000 	/usr/lib/system/liblaunch.dylib
0x0000000009f78000 	/usr/lib/system/libmacho.dylib
0x0000000009f78000 	/usr/lib/system/libquarantine.dylib
0x0000000009f78000 	/usr/lib/system/libremovefile.dylib
0x0000000009f78000 	/usr/lib/system/libsystem_asl.dylib
0x0000000009f78000 	/usr/lib/system/libsystem_blocks.dylib
0x0000000009f78000 	/usr/lib/system/libsystem_c.dylib
0x0000000009f78000 	/usr/lib/system/libsystem_configuration.dylib
0x0000000009f78000 	/usr/lib/system/libsystem_coreservices.dylib
0x0000000009f78000 	/usr/lib/system/libsystem_coretls.dylib
0x0000000009f78000 	/usr/lib/system/libsystem_dnssd.dylib
0x0000000009f78000 	/usr/lib/system/libsystem_info.dylib
0x0000000009f78000 	/usr/lib/system/libsystem_kernel.dylib
0x0000000009f78000 	/usr/lib/system/libsystem_m.dylib
0x0000000009f78000 	/usr/lib/system/libsystem_malloc.dylib
0x0000000009f78000 	/usr/lib/system/libsystem_network.dylib
0x0000000009f78000 	/usr/lib/system/libsystem_networkextension.dylib
0x0000000009f78000 	/usr/lib/system/libsystem_notify.dylib
0x0000000009f78000 	/usr/lib/system/libsystem_platform.dylib
0x0000000009f78000 	/usr/lib/system/libsystem_pthread.dylib
0x0000000009f78000 	/usr/lib/system/libsystem_sandbox.dylib
0x0000000009f78000 	/usr/lib/system/libsystem_secinit.dylib
0x0000000009f78000 	/usr/lib/system/libsystem_stats.dylib
0x0000000009f78000 	/usr/lib/system/libsystem_trace.dylib
0x0000000009f78000 	/usr/lib/system/libunc.dylib
0x0000000009f78000 	/usr/lib/system/libunwind.dylib
0x0000000009f78000 	/usr/lib/system/libxpc.dylib
0x0000000009f78000 	/usr/lib/libbz2.1.0.dylib
0x0000000009f78000 	/usr/lib/liblzma.5.dylib
0x0000000009f78000 	/usr/lib/libbsm.0.dylib
0x0000000009f78000 	/usr/lib/libsqlite3.dylib
0x0000000009f78000 	/usr/lib/system/libkxld.dylib
0x0000000009f78000 	/usr/lib/libxar.1.dylib
0x0000000009f78000 	/usr/lib/libpam.2.dylib
0x0000000009f78000 	/usr/lib/libOpenScriptingUtil.dylib
0x0000000009f78000 	/System/Library/Frameworks/CoreServices.framework/Versions/A/Frameworks/FSEvents.framework/Versions/A/FSEvents
0x0000000009f78000 	/System/Library/Frameworks/CoreServices.framework/Versions/A/Frameworks/CarbonCore.framework/Versions/A/CarbonCore
0x0000000009f78000 	/System/Library/Frameworks/CoreServices.framework/Versions/A/Frameworks/Metadata.framework/Versions/A/Metadata
0x0000000009f78000 	/System/Library/Frameworks/CoreServices.framework/Versions/A/Frameworks/OSServices.framework/Versions/A/OSServices
0x0000000009f78000 	/System/Library/Frameworks/CoreServices.framework/Versions/A/Frameworks/SearchKit.framework/Versions/A/SearchKit
0x0000000009f78000 	/System/Library/Frameworks/CoreServices.framework/Versions/A/Frameworks/AE.framework/Versions/A/AE
0x0000000009f78000 	/System/Library/Frameworks/CoreServices.framework/Versions/A/Frameworks/LaunchServices.framework/Versions/A/LaunchServices
0x0000000009f78000 	/System/Library/Frameworks/CoreServices.framework/Versions/A/Frameworks/DictionaryServices.framework/Versions/A/DictionaryServices
0x0000000009f78000 	/System/Library/Frameworks/NetFS.framework/Versions/A/NetFS
0x0000000009f78000 	/System/Library/PrivateFrameworks/NetAuth.framework/Versions/A/NetAuth
0x0000000009f78000 	/System/Library/PrivateFrameworks/login.framework/Versions/A/Frameworks/loginsupport.framework/Versions/A/loginsupport
0x0000000009f78000 	/System/Library/PrivateFrameworks/TCC.framework/Versions/A/TCC
0x0000000009f78000 	/usr/lib/libmecabra.dylib
0x0000000009f78000 	/System/Library/Frameworks/ApplicationServices.framework/Versions/A/Frameworks/ATS.framework/Versions/A/ATS
0x0000000009f78000 	/System/Library/Frameworks/ApplicationServices.framework/Versions/A/Frameworks/ColorSync.framework/Versions/A/ColorSync
0x0000000009f78000 	/System/Library/Frameworks/ApplicationServices.framework/Versions/A/Frameworks/HIServices.framework/Versions/A/HIServices
0x0000000009f78000 	/System/Library/Frameworks/ApplicationServices.framework/Versions/A/Frameworks/LangAnalysis.framework/Versions/A/LangAnalysis
0x0000000009f78000 	/System/Library/Frameworks/ApplicationServices.framework/Versions/A/Frameworks/PrintCore.framework/Versions/A/PrintCore
0x0000000009f78000 	/System/Library/Frameworks/ApplicationServices.framework/Versions/A/Frameworks/QD.framework/Versions/A/QD
0x0000000009f78000 	/System/Library/Frameworks/ApplicationServices.framework/Versions/A/Frameworks/SpeechSynthesis.framework/Versions/A/SpeechSynthesis
0x0000000009f78000 	/System/Library/Frameworks/Accelerate.framework/Versions/A/Accelerate
0x0000000009f78000 	/System/Library/Frameworks/Accelerate.framework/Versions/A/Frameworks/vImage.framework/Versions/A/vImage
0x0000000009f78000 	/System/Library/Frameworks/Accelerate.framework/Versions/A/Frameworks/vecLib.framework/Versions/A/vecLib
0x0000000009f78000 	/System/Library/Frameworks/Accelerate.framework/Versions/A/Frameworks/vecLib.framework/Versions/A/libvDSP.dylib
0x0000000009f78000 	/System/Library/Frameworks/Accelerate.framework/Versions/A/Frameworks/vecLib.framework/Versions/A/libvMisc.dylib
0x0000000009f78000 	/System/Library/Frameworks/Accelerate.framework/Versions/A/Frameworks/vecLib.framework/Versions/A/libLAPACK.dylib
0x0000000009f78000 	/System/Library/Frameworks/Accelerate.framework/Versions/A/Frameworks/vecLib.framework/Versions/A/libBLAS.dylib
0x0000000009f78000 	/System/Library/Frameworks/Accelerate.framework/Versions/A/Frameworks/vecLib.framework/Versions/A/libLinearAlgebra.dylib
0x0000000009f78000 	/System/Library/Frameworks/ApplicationServices.framework/Versions/A/Frameworks/ATS.framework/Versions/A/Resources/libFontParser.dylib
0x0000000009f78000 	/System/Library/Frameworks/ApplicationServices.framework/Versions/A/Frameworks/ATS.framework/Versions/A/Resources/libFontRegistry.dylib
0x0000000009f78000 	/System/Library/PrivateFrameworks/AppleVPA.framework/Versions/A/AppleVPA
0x0000000009f78000 	/System/Library/PrivateFrameworks/AppleJPEG.framework/Versions/A/AppleJPEG
0x0000000009f78000 	/System/Library/Frameworks/ImageIO.framework/Versions/A/Resources/libJPEG.dylib
0x0000000009f78000 	/System/Library/Frameworks/ImageIO.framework/Versions/A/Resources/libTIFF.dylib
0x0000000009f78000 	/System/Library/Frameworks/ImageIO.framework/Versions/A/Resources/libPng.dylib
0x0000000009f78000 	/System/Library/Frameworks/ImageIO.framework/Versions/A/Resources/libGIF.dylib
0x0000000009f78000 	/System/Library/Frameworks/ImageIO.framework/Versions/A/Resources/libJP2.dylib
0x0000000009f78000 	/System/Library/Frameworks/ImageIO.framework/Versions/A/Resources/libRadiance.dylib
0x0000000009f78000 	/System/Library/Frameworks/CoreVideo.framework/Versions/A/CoreVideo
0x0000000009f78000 	/System/Library/Frameworks/OpenGL.framework/Versions/A/Libraries/libGLU.dylib
0x0000000009f78000 	/System/Library/Frameworks/OpenGL.framework/Versions/A/Libraries/libGFXShared.dylib
0x0000000009f78000 	/System/Library/Frameworks/OpenGL.framework/Versions/A/Libraries/libGL.dylib
0x0000000009f78000 	/System/Library/Frameworks/OpenGL.framework/Versions/A/Libraries/libGLImage.dylib
0x0000000009f78000 	/System/Library/Frameworks/OpenGL.framework/Versions/A/Libraries/libCVMSPluginSupport.dylib
0x0000000009f78000 	/System/Library/Frameworks/OpenGL.framework/Versions/A/Libraries/libCoreVMClient.dylib
0x0000000009f78000 	/usr/lib/libcups.2.dylib
0x0000000009f78000 	/System/Library/Frameworks/Kerberos.framework/Versions/A/Kerberos
0x0000000009f78000 	/System/Library/Frameworks/GSS.framework/Versions/A/GSS
0x0000000009f78000 	/usr/lib/libresolv.9.dylib
0x0000000009f78000 	/usr/lib/libiconv.2.dylib
0x0000000009f78000 	/System/Library/PrivateFrameworks/Heimdal.framework/Versions/A/Heimdal
0x0000000009f78000 	/usr/lib/libheimdal-asn1.dylib
0x0000000009f78000 	/System/Library/Frameworks/OpenDirectory.framework/Versions/A/OpenDirectory
0x0000000009f78000 	/System/Library/PrivateFrameworks/CommonAuth.framework/Versions/A/CommonAuth
0x0000000009f78000 	/System/Library/Frameworks/OpenDirectory.framework/Versions/A/Frameworks/CFOpenDirectory.framework/Versions/A/CFOpenDirectory
0x0000000009f78000 	/System/Library/Frameworks/SecurityFoundation.framework/Versions/A/SecurityFoundation
0x0000000009f78000 	/System/Library/PrivateFrameworks/LanguageModeling.framework/Versions/A/LanguageModeling
0x0000000009f78000 	/usr/lib/libcmph.dylib
0x0000000009f78000 	/System/Library/Frameworks/ServiceManagement.framework/Versions/A/ServiceManagement
0x0000000009f78000 	/usr/lib/libxslt.1.dylib
0x0000000009f78000 	/System/Library/Frameworks/Carbon.framework/Versions/A/Frameworks/Ink.framework/Versions/A/Ink
0x0000000009f78000 	/System/Library/Frameworks/QuartzCore.framework/Versions/A/Frameworks/CoreImage.framework/Versions/A/CoreImage
0x0000000009f78000 	/System/Library/PrivateFrameworks/CrashReporterSupport.framework/Versions/A/CrashReporterSupport
0x0000000009f78000 	/System/Library/Frameworks/OpenCL.framework/Versions/A/OpenCL
0x0000000009f78000 	/System/Library/PrivateFrameworks/FaceCore.framework/Versions/A/FaceCore
0x0000000009f78000 	/System/Library/PrivateFrameworks/Ubiquity.framework/Versions/A/Ubiquity
0x0000000009f78000 	/System/Library/PrivateFrameworks/IconServices.framework/Versions/A/IconServices
0x0000000009f78000 	/System/Library/PrivateFrameworks/ChunkingLibrary.framework/Versions/A/ChunkingLibrary
0x0000000009f78000 	/System/Library/PrivateFrameworks/Apple80211.framework/Versions/A/Apple80211
0x0000000009f78000 	/System/Library/Frameworks/CoreWLAN.framework/Versions/A/CoreWLAN
0x0000000009f78000 	/System/Library/Frameworks/IOBluetooth.framework/Versions/A/IOBluetooth
0x0000000009f78000 	/System/Library/PrivateFrameworks/CoreWiFi.framework/Versions/A/CoreWiFi
0x0000000009f78000 	/System/Library/Frameworks/CoreBluetooth.framework/Versions/A/CoreBluetooth
0x0000000009f78000 	/System/Library/PrivateFrameworks/DebugSymbols.framework/Versions/A/DebugSymbols
0x0000000009f78000 	/System/Library/PrivateFrameworks/CoreSymbolication.framework/Versions/A/CoreSymbolication
0x0000000009f78000 	/System/Library/PrivateFrameworks/Symbolication.framework/Versions/A/Symbolication
0x0000000009f78000 	/System/Library/PrivateFrameworks/SpeechRecognitionCore.framework/Versions/A/SpeechRecognitionCore
0x000000010b000000 	/Library/Java/JavaVirtualMachines/jdk1.8.0_101.jdk/Contents/Home/jre/lib/server/libjvm.dylib
0x0000000009f78000 	/usr/lib/libstdc++.6.dylib
0x000000010a7d8000 	/Library/Java/JavaVirtualMachines/jdk1.8.0_101.jdk/Contents/Home/jre/lib/libverify.dylib
0x000000010c0a0000 	/Library/Java/JavaVirtualMachines/jdk1.8.0_101.jdk/Contents/Home/jre/lib/libjava.dylib
0x000000010c0d5000 	/Library/Java/JavaVirtualMachines/jdk1.8.0_101.jdk/Contents/Home/jre/lib/libjdwp.dylib
0x000000010a7e7000 	/Library/Java/JavaVirtualMachines/jdk1.8.0_101.jdk/Contents/Home/jre/lib/libnpt.dylib
0x000000010a7f4000 	/Library/Java/JavaVirtualMachines/jdk1.8.0_101.jdk/Contents/Home/jre/lib/libzip.dylib
0x000000011fc2f000 	/System/Library/Frameworks/JavaVM.framework/Frameworks/JavaRuntimeSupport.framework/JavaRuntimeSupport
0x000000011fc4a000 	/System/Library/Frameworks/JavaVM.framework/Versions/A/Frameworks/JavaNativeFoundation.framework/Versions/A/JavaNativeFoundation
0x000000011fc5f000 	/System/Library/Frameworks/JavaVM.framework/Versions/A/JavaVM
0x0000000009f78000 	/System/Library/Frameworks/Carbon.framework/Versions/A/Carbon
0x000000011fc6c000 	/System/Library/PrivateFrameworks/JavaLaunching.framework/Versions/A/JavaLaunching
0x0000000009f78000 	/System/Library/Frameworks/Carbon.framework/Versions/A/Frameworks/CommonPanels.framework/Versions/A/CommonPanels
0x0000000009f78000 	/System/Library/Frameworks/Carbon.framework/Versions/A/Frameworks/Help.framework/Versions/A/Help
0x0000000009f78000 	/System/Library/Frameworks/Carbon.framework/Versions/A/Frameworks/ImageCapture.framework/Versions/A/ImageCapture
0x0000000009f78000 	/System/Library/Frameworks/Carbon.framework/Versions/A/Frameworks/OpenScripting.framework/Versions/A/OpenScripting
0x0000000009f78000 	/System/Library/Frameworks/Carbon.framework/Versions/A/Frameworks/Print.framework/Versions/A/Print
0x0000000009f78000 	/System/Library/Frameworks/Carbon.framework/Versions/A/Frameworks/SecurityHI.framework/Versions/A/SecurityHI
0x0000000121655000 	/Library/Java/JavaVirtualMachines/jdk1.8.0_101.jdk/Contents/Home/jre/lib/libdt_socket.dylib
0x0000000122072000 	/Library/Java/JavaVirtualMachines/jdk1.8.0_101.jdk/Contents/Home/jre/lib/libnet.dylib
0x0000000122089000 	/Library/Java/JavaVirtualMachines/jdk1.8.0_101.jdk/Contents/Home/jre/lib/libnio.dylib
0x0000000122d09000 	/Library/Java/JavaVirtualMachines/jdk1.8.0_101.jdk/Contents/Home/jre/lib/libmanagement.dylib

VM Arguments:
jvm_args: -agentlib:jdwp=transport=dt_socket,suspend=y,address=localhost:60209 -Dmaven.home=EMBEDDED -Dclassworlds.conf=/Users/mox/java-projects/.metadata/.plugins/org.eclipse.m2e.launching/launches/m2conf5759274077533120777.tmp -Dmaven.multiModuleProjectDirectory=/Applications/Eclipse Mars.app/Contents/MacOS/${workspace_loc:/moviebuster-movie} -Dfile.encoding=UTF-8 
java_command: org.codehaus.plexus.classworlds.launcher.Launcher -B exec:java
java_class_path (initial): /Applications/Eclipse Mars.app/Contents/Eclipse/plugins/org.eclipse.m2e.maven.runtime_1.6.2.20150902-0001/jars/plexus-classworlds-2.5.2.jar
Launcher Type: SUN_STANDARD

Environment Variables:
PATH=/usr/bin:/bin:/usr/sbin:/sbin
SHELL=/bin/bash

Signal Handlers:
SIGSEGV: [libjvm.dylib+0x5af145], sa_mask[0]=11111111011111110111111111111111, sa_flags=SA_ONSTACK|SA_RESTART|SA_SIGINFO
SIGBUS: [libjvm.dylib+0x5af145], sa_mask[0]=11111111011111110111111111111111, sa_flags=SA_RESTART|SA_SIGINFO
SIGFPE: [libjvm.dylib+0x48694c], sa_mask[0]=11111111011111110111111111111111, sa_flags=SA_RESTART|SA_SIGINFO
SIGPIPE: [libjvm.dylib+0x48694c], sa_mask[0]=11111111011111110111111111111111, sa_flags=SA_RESTART|SA_SIGINFO
SIGXFSZ: [libjvm.dylib+0x48694c], sa_mask[0]=11111111011111110111111111111111, sa_flags=SA_RESTART|SA_SIGINFO
SIGILL: [libjvm.dylib+0x48694c], sa_mask[0]=11111111011111110111111111111111, sa_flags=SA_RESTART|SA_SIGINFO
SIGUSR1: SIG_DFL, sa_mask[0]=00000000000000000000000000000000, sa_flags=none
SIGUSR2: [libjvm.dylib+0x48646a], sa_mask[0]=00100000000000000000000000000000, sa_flags=SA_RESTART|SA_SIGINFO
SIGHUP: [libjvm.dylib+0x484a41], sa_mask[0]=11111111011111110111111111111111, sa_flags=SA_RESTART|SA_SIGINFO
SIGINT: [libjvm.dylib+0x484a41], sa_mask[0]=11111111011111110111111111111111, sa_flags=SA_RESTART|SA_SIGINFO
SIGTERM: [libjvm.dylib+0x484a41], sa_mask[0]=11111111011111110111111111111111, sa_flags=SA_RESTART|SA_SIGINFO
SIGQUIT: [libjvm.dylib+0x484a41], sa_mask[0]=11111111011111110111111111111111, sa_flags=SA_RESTART|SA_SIGINFO


---------------  S Y S T E M  ---------------

OS:Bsduname:Darwin 14.5.0 Darwin Kernel Version 14.5.0: Tue Sep  1 21:23:09 PDT 2015; root:xnu-2782.50.1~1/RELEASE_X86_64 x86_64
rlimit: STACK 8192k, CORE 0k, NPROC 709, NOFILE 10240, AS infinity
load average:2.19 2.38 2.42

CPU:total 4 (2 cores per cpu, 2 threads per core) family 6 model 58 stepping 9, cmov, cx8, fxsr, mmx, sse, sse2, sse3, ssse3, sse4.1, sse4.2, popcnt, avx, aes, clmul, erms, ht, tsc, tscinvbit, tscinv

Memory: 4k page, physical 4194304k(16044k free)

/proc/meminfo:


vm_info: Java HotSpot(TM) 64-Bit Server VM (25.101-b13) for bsd-amd64 JRE (1.8.0_101-b13), built on Jun 22 2016 02:42:15 by "java_re" with gcc 4.2.1 (Based on Apple Inc. build 5658) (LLVM build 2336.11.00)

time: Wed Aug 31 14:20:08 2016
elapsed time: 386 seconds (0d 0h 6m 26s)

